From https://github.com/sportsdataverse/fastRhockey-pwhl-data
   5c450fe..42a4c06  main       -> origin/main
ℹ === PWHL Data Creation started ===
ℹ Processing seasons: 2025

── Processing 2025 PWHL season ─────────────────────────────────────────────────
ℹ Downloading 2025 schedule from pwhl-raw
ℹ 102 games with final JSON in raw repo
ℹ Downloading 2025 schedule from pwhl-raw✔ Downloaded 2025 schedule [150ms]

ℹ Compiling 2025 PBP (102 games)
ℹ 12520 PBP events
ℹ Compiling 2025 PBP (102 games)ℹ Uploading play_by_play_2025 to sportsdataverse-data releases
ℹ Compiling 2025 PBP (102 games)→ Uploading 3 files!
ℹ Compiling 2025 PBP (102 games)ℹ Start upload of 7 files to
<https://github.com/sportsdataverse/sportsdataverse-data/releases> @ pwhl_pbp
ℹ Compiling 2025 PBP (102 games)✔ Upload successfully completed.
ℹ Compiling 2025 PBP (102 games)→ Uploaded 7 to sportsdataverse/sportsdataverse-data @ pwhl_pbp on 2026-04-08 16:15:31.802481
ℹ Compiling 2025 PBP (102 games)✔ Compiled 2025 PBP! [10s]

ℹ Compiling 2025 player boxscores
Error in `purrr::map()`:
ℹ In index: 1.
Caused by error in `dplyr::bind_rows()`:
! Can't combine `..1$starting` <character> and `..2$starting` <integer>.
Backtrace:
     ▆
  1. ├─purrr::map(...)
  2. │ └─purrr:::map_("list", .x, .f, ..., .progress = .progress)
  3. │   ├─purrr:::with_indexed_errors(...)
  4. │   │ └─base::withCallingHandlers(...)
  5. │   ├─purrr:::call_with_cleanup(...)
  6. │   └─global .f(.x[[i]], ...)
  7. │     └─dplyr::bind_rows(...)
  8. │       └─vctrs::vec_rbind(!!!dots, .names_to = .id, .error_call = current_env())
  9. └─vctrs (local) `<fn>`()
 10.   └─vctrs::vec_default_ptype2(...)
 11.     ├─base::withRestarts(...)
 12.     │ └─base (local) withOneRestart(expr, restarts[[1L]])
 13.     │   └─base (local) doWithOneRestart(return(expr), restart)
 14.     └─vctrs::stop_incompatible_type(...)
 15.       └─vctrs:::stop_incompatible(...)
 16.         └─vctrs:::stop_vctrs(...)
 17.           └─rlang::abort(message, class = c(class, "vctrs_error"), ..., call = call)
✖ Compiling 2025 player boxscores [7.7s]

Execution halted
