ℹ === PWHL Data Creation started ===
ℹ Processing seasons: 2024

── Processing 2024 PWHL season ─────────────────────────────────────────────────
ℹ Downloading 2024 schedule from pwhl-raw
ℹ 85 games with final JSON in raw repo
ℹ Downloading 2024 schedule from pwhl-raw✔ Downloaded 2024 schedule [116ms]

ℹ Compiling 2024 PBP (85 games)
ℹ 10456 PBP events
ℹ Compiling 2024 PBP (85 games)ℹ Uploading play_by_play_2024 to sportsdataverse-data releases
ℹ Compiling 2024 PBP (85 games)→ Uploading 3 files!
ℹ Compiling 2024 PBP (85 games)ℹ Start upload of 7 files to
<https://github.com/sportsdataverse/sportsdataverse-data/releases> @ pwhl_pbp
ℹ Compiling 2024 PBP (85 games)✔ Upload successfully completed.
ℹ Compiling 2024 PBP (85 games)→ Uploaded 7 to sportsdataverse/sportsdataverse-data @ pwhl_pbp on 2026-04-08 13:43:03.4166
ℹ Compiling 2024 PBP (85 games)✔ Compiled 2024 PBP! [11.2s]

ℹ Compiling 2024 player boxscores
Error in `purrr::map()`:
ℹ In index: 1.
Caused by error in `dplyr::bind_rows()`:
! Can't combine `..1$starting` <character> and `..2$starting` <integer>.
Backtrace:
     ▆
  1. ├─purrr::map(...)
  2. │ └─purrr:::map_("list", .x, .f, ..., .progress = .progress)
  3. │   ├─purrr:::with_indexed_errors(...)
  4. │   │ └─base::withCallingHandlers(...)
  5. │   ├─purrr:::call_with_cleanup(...)
  6. │   └─global .f(.x[[i]], ...)
  7. │     └─dplyr::bind_rows(...)
  8. │       └─vctrs::vec_rbind(!!!dots, .names_to = .id, .error_call = current_env())
  9. └─vctrs (local) `<fn>`()
 10.   └─vctrs::vec_default_ptype2(...)
 11.     ├─base::withRestarts(...)
 12.     │ └─base (local) withOneRestart(expr, restarts[[1L]])
 13.     │   └─base (local) doWithOneRestart(return(expr), restart)
 14.     └─vctrs::stop_incompatible_type(...)
 15.       └─vctrs:::stop_incompatible(...)
 16.         └─vctrs:::stop_vctrs(...)
 17.           └─rlang::abort(message, class = c(class, "vctrs_error"), ..., call = call)
✖ Compiling 2024 player boxscores [10.1s]

Execution halted
